-------------------------------------------------------------------------------
Test set: com.sludev.commons.vfs2.provider.s3.SS3FileProviderTest
-------------------------------------------------------------------------------
Tests run: 14, Failures: 0, Errors: 14, Skipped: 0, Time elapsed: 0.825 sec <<< FAILURE!
A001_uploadFile(com.sludev.commons.vfs2.provider.s3.SS3FileProviderTest)  Time elapsed: 0.428 sec  <<< ERROR!
java.lang.NoClassDefFoundError: javax/xml/bind/DatatypeConverter
	at com.amazonaws.util.Base64.encodeAsString(Base64.java:36)
	at com.amazonaws.auth.AbstractAWSSigner.signAndBase64Encode(AbstractAWSSigner.java:68)
	at com.amazonaws.auth.AbstractAWSSigner.signAndBase64Encode(AbstractAWSSigner.java:57)
	at com.amazonaws.services.s3.internal.S3Signer.sign(S3Signer.java:173)
	at com.amazonaws.http.AmazonHttpClient.executeOneRequest(AmazonHttpClient.java:682)
	at com.amazonaws.http.AmazonHttpClient.executeHelper(AmazonHttpClient.java:462)
	at com.amazonaws.http.AmazonHttpClient.execute(AmazonHttpClient.java:297)
	at com.amazonaws.services.s3.AmazonS3Client.invoke(AmazonS3Client.java:3672)
	at com.amazonaws.services.s3.AmazonS3Client.getObject(AmazonS3Client.java:1160)
	at com.amazonaws.services.s3.AmazonS3Client.getObject(AmazonS3Client.java:1032)
	at com.sludev.commons.vfs2.provider.s3.SS3FileObject.objectExists(SS3FileObject.java:154)
	at com.sludev.commons.vfs2.provider.s3.SS3FileObject.doAttach(SS3FileObject.java:130)
	at org.apache.commons.vfs2.provider.AbstractFileObject.attach(AbstractFileObject.java:1505)
	at org.apache.commons.vfs2.provider.AbstractFileObject.getType(AbstractFileObject.java:489)
	at org.apache.commons.vfs2.provider.AbstractFileObject.exists(AbstractFileObject.java:477)
	at org.apache.commons.vfs2.provider.AbstractFileObject.copyFrom(AbstractFileObject.java:1040)
	at com.sludev.commons.vfs2.provider.s3.SS3TestUtils.uploadFile(SS3TestUtils.java:58)
	at com.sludev.commons.vfs2.provider.s3.SS3FileProviderTest.uploadFileSetup02(SS3FileProviderTest.java:401)
	at com.sludev.commons.vfs2.provider.s3.SS3FileProviderTest.setUp(SS3FileProviderTest.java:80)
	at java.base/jdk.internal.reflect.NativeMethodAccessorImpl.invoke0(Native Method)
	at java.base/jdk.internal.reflect.NativeMethodAccessorImpl.invoke(NativeMethodAccessorImpl.java:62)
	at java.base/jdk.internal.reflect.DelegatingMethodAccessorImpl.invoke(DelegatingMethodAccessorImpl.java:43)
	at java.base/java.lang.reflect.Method.invoke(Method.java:566)
	at org.junit.runners.model.FrameworkMethod$1.runReflectiveCall(FrameworkMethod.java:50)
	at org.junit.internal.runners.model.ReflectiveCallable.run(ReflectiveCallable.java:12)
	at org.junit.runners.model.FrameworkMethod.invokeExplosively(FrameworkMethod.java:47)
	at org.junit.internal.runners.statements.RunBefores.evaluate(RunBefores.java:24)
	at org.junit.internal.runners.statements.RunAfters.evaluate(RunAfters.java:27)
	at org.junit.rules.TestWatcher$1.evaluate(TestWatcher.java:55)
	at org.junit.rules.RunRules.evaluate(RunRules.java:20)
	at org.junit.runners.ParentRunner.runLeaf(ParentRunner.java:325)
	at org.junit.runners.BlockJUnit4ClassRunner.runChild(BlockJUnit4ClassRunner.java:78)
	at org.junit.runners.BlockJUnit4ClassRunner.runChild(BlockJUnit4ClassRunner.java:57)
	at org.junit.runners.ParentRunner$3.run(ParentRunner.java:290)
	at org.junit.runners.ParentRunner$1.schedule(ParentRunner.java:71)
	at org.junit.runners.ParentRunner.runChildren(ParentRunner.java:288)
	at org.junit.runners.ParentRunner.access$000(ParentRunner.java:58)
	at org.junit.runners.ParentRunner$2.evaluate(ParentRunner.java:268)
	at org.junit.internal.runners.statements.RunBefores.evaluate(RunBefores.java:26)
	at org.junit.internal.runners.statements.RunAfters.evaluate(RunAfters.java:27)
	at org.junit.runners.ParentRunner.run(ParentRunner.java:363)
	at org.apache.maven.surefire.junit4.JUnit4Provider.execute(JUnit4Provider.java:252)
	at org.apache.maven.surefire.junit4.JUnit4Provider.executeTestSet(JUnit4Provider.java:141)
	at org.apache.maven.surefire.junit4.JUnit4Provider.invoke(JUnit4Provider.java:112)
	at java.base/jdk.internal.reflect.NativeMethodAccessorImpl.invoke0(Native Method)
	at java.base/jdk.internal.reflect.NativeMethodAccessorImpl.invoke(NativeMethodAccessorImpl.java:62)
	at java.base/jdk.internal.reflect.DelegatingMethodAccessorImpl.invoke(DelegatingMethodAccessorImpl.java:43)
	at java.base/java.lang.reflect.Method.invoke(Method.java:566)
	at org.apache.maven.surefire.util.ReflectionUtils.invokeMethodWithArray(ReflectionUtils.java:189)
	at org.apache.maven.surefire.booter.ProviderFactory$ProviderProxy.invoke(ProviderFactory.java:165)
	at org.apache.maven.surefire.booter.ProviderFactory.invokeProvider(ProviderFactory.java:85)
	at org.apache.maven.surefire.booter.ForkedBooter.runSuitesInProcess(ForkedBooter.java:115)
	at org.apache.maven.surefire.booter.ForkedBooter.main(ForkedBooter.java:75)
Caused by: java.lang.ClassNotFoundException: javax.xml.bind.DatatypeConverter
	at java.base/jdk.internal.loader.BuiltinClassLoader.loadClass(BuiltinClassLoader.java:581)
	at java.base/jdk.internal.loader.ClassLoaders$AppClassLoader.loadClass(ClassLoaders.java:178)
	at java.base/java.lang.ClassLoader.loadClass(ClassLoader.java:522)
	... 53 more

A001_uploadFile(com.sludev.commons.vfs2.provider.s3.SS3FileProviderTest)  Time elapsed: 0.429 sec  <<< ERROR!
java.lang.NoClassDefFoundError: javax/xml/bind/DatatypeConverter
	at com.amazonaws.util.Base64.encodeAsString(Base64.java:36)
	at com.amazonaws.auth.AbstractAWSSigner.signAndBase64Encode(AbstractAWSSigner.java:68)
	at com.amazonaws.auth.AbstractAWSSigner.signAndBase64Encode(AbstractAWSSigner.java:57)
	at com.amazonaws.services.s3.internal.S3Signer.sign(S3Signer.java:173)
	at com.amazonaws.http.AmazonHttpClient.executeOneRequest(AmazonHttpClient.java:682)
	at com.amazonaws.http.AmazonHttpClient.executeHelper(AmazonHttpClient.java:462)
	at com.amazonaws.http.AmazonHttpClient.execute(AmazonHttpClient.java:297)
	at com.amazonaws.services.s3.AmazonS3Client.invoke(AmazonS3Client.java:3672)
	at com.amazonaws.services.s3.AmazonS3Client.getObject(AmazonS3Client.java:1160)
	at com.amazonaws.services.s3.AmazonS3Client.getObject(AmazonS3Client.java:1032)
	at com.sludev.commons.vfs2.provider.s3.SS3FileObject.objectExists(SS3FileObject.java:154)
	at com.sludev.commons.vfs2.provider.s3.SS3FileObject.doAttach(SS3FileObject.java:130)
	at org.apache.commons.vfs2.provider.AbstractFileObject.attach(AbstractFileObject.java:1505)
	at org.apache.commons.vfs2.provider.AbstractFileObject.getType(AbstractFileObject.java:489)
	at org.apache.commons.vfs2.provider.AbstractFileObject.exists(AbstractFileObject.java:477)
	at org.apache.commons.vfs2.provider.AbstractFileObject.findFiles(AbstractFileObject.java:1688)
	at org.apache.commons.vfs2.provider.AbstractFileObject.delete(AbstractFileObject.java:888)
	at org.apache.commons.vfs2.provider.AbstractFileObject.delete(AbstractFileObject.java:864)
	at com.sludev.commons.vfs2.provider.s3.SS3TestUtils.deleteFile(SS3TestUtils.java:79)
	at com.sludev.commons.vfs2.provider.s3.SS3FileProviderTest.removeFileSetup02(SS3FileProviderTest.java:439)
	at com.sludev.commons.vfs2.provider.s3.SS3FileProviderTest.tearDown(SS3FileProviderTest.java:101)
	at java.base/jdk.internal.reflect.NativeMethodAccessorImpl.invoke0(Native Method)
	at java.base/jdk.internal.reflect.NativeMethodAccessorImpl.invoke(NativeMethodAccessorImpl.java:62)
	at java.base/jdk.internal.reflect.DelegatingMethodAccessorImpl.invoke(DelegatingMethodAccessorImpl.java:43)
	at java.base/java.lang.reflect.Method.invoke(Method.java:566)
	at org.junit.runners.model.FrameworkMethod$1.runReflectiveCall(FrameworkMethod.java:50)
	at org.junit.internal.runners.model.ReflectiveCallable.run(ReflectiveCallable.java:12)
	at org.junit.runners.model.FrameworkMethod.invokeExplosively(FrameworkMethod.java:47)
	at org.junit.internal.runners.statements.RunAfters.evaluate(RunAfters.java:33)
	at org.junit.rules.TestWatcher$1.evaluate(TestWatcher.java:55)
	at org.junit.rules.RunRules.evaluate(RunRules.java:20)
	at org.junit.runners.ParentRunner.runLeaf(ParentRunner.java:325)
	at org.junit.runners.BlockJUnit4ClassRunner.runChild(BlockJUnit4ClassRunner.java:78)
	at org.junit.runners.BlockJUnit4ClassRunner.runChild(BlockJUnit4ClassRunner.java:57)
	at org.junit.runners.ParentRunner$3.run(ParentRunner.java:290)
	at org.junit.runners.ParentRunner$1.schedule(ParentRunner.java:71)
	at org.junit.runners.ParentRunner.runChildren(ParentRunner.java:288)
	at org.junit.runners.ParentRunner.access$000(ParentRunner.java:58)
	at org.junit.runners.ParentRunner$2.evaluate(ParentRunner.java:268)
	at org.junit.internal.runners.statements.RunBefores.evaluate(RunBefores.java:26)
	at org.junit.internal.runners.statements.RunAfters.evaluate(RunAfters.java:27)
	at org.junit.runners.ParentRunner.run(ParentRunner.java:363)
	at org.apache.maven.surefire.junit4.JUnit4Provider.execute(JUnit4Provider.java:252)
	at org.apache.maven.surefire.junit4.JUnit4Provider.executeTestSet(JUnit4Provider.java:141)
	at org.apache.maven.surefire.junit4.JUnit4Provider.invoke(JUnit4Provider.java:112)
	at java.base/jdk.internal.reflect.NativeMethodAccessorImpl.invoke0(Native Method)
	at java.base/jdk.internal.reflect.NativeMethodAccessorImpl.invoke(NativeMethodAccessorImpl.java:62)
	at java.base/jdk.internal.reflect.DelegatingMethodAccessorImpl.invoke(DelegatingMethodAccessorImpl.java:43)
	at java.base/java.lang.reflect.Method.invoke(Method.java:566)
	at org.apache.maven.surefire.util.ReflectionUtils.invokeMethodWithArray(ReflectionUtils.java:189)
	at org.apache.maven.surefire.booter.ProviderFactory$ProviderProxy.invoke(ProviderFactory.java:165)
	at org.apache.maven.surefire.booter.ProviderFactory.invokeProvider(ProviderFactory.java:85)
	at org.apache.maven.surefire.booter.ForkedBooter.runSuitesInProcess(ForkedBooter.java:115)
	at org.apache.maven.surefire.booter.ForkedBooter.main(ForkedBooter.java:75)

A002_downloadFile(com.sludev.commons.vfs2.provider.s3.SS3FileProviderTest)  Time elapsed: 0.004 sec  <<< ERROR!
java.lang.NoClassDefFoundError: javax/xml/bind/DatatypeConverter
	at com.amazonaws.util.Base64.encodeAsString(Base64.java:36)
	at com.amazonaws.auth.AbstractAWSSigner.signAndBase64Encode(AbstractAWSSigner.java:68)
	at com.amazonaws.auth.AbstractAWSSigner.signAndBase64Encode(AbstractAWSSigner.java:57)
	at com.amazonaws.services.s3.internal.S3Signer.sign(S3Signer.java:173)
	at com.amazonaws.http.AmazonHttpClient.executeOneRequest(AmazonHttpClient.java:682)
	at com.amazonaws.http.AmazonHttpClient.executeHelper(AmazonHttpClient.java:462)
	at com.amazonaws.http.AmazonHttpClient.execute(AmazonHttpClient.java:297)
	at com.amazonaws.services.s3.AmazonS3Client.invoke(AmazonS3Client.java:3672)
	at com.amazonaws.services.s3.AmazonS3Client.getObject(AmazonS3Client.java:1160)
	at com.amazonaws.services.s3.AmazonS3Client.getObject(AmazonS3Client.java:1032)
	at com.sludev.commons.vfs2.provider.s3.SS3FileObject.objectExists(SS3FileObject.java:154)
	at com.sludev.commons.vfs2.provider.s3.SS3FileObject.doAttach(SS3FileObject.java:130)
	at org.apache.commons.vfs2.provider.AbstractFileObject.attach(AbstractFileObject.java:1505)
	at org.apache.commons.vfs2.provider.AbstractFileObject.getType(AbstractFileObject.java:489)
	at org.apache.commons.vfs2.provider.AbstractFileObject.exists(AbstractFileObject.java:477)
	at org.apache.commons.vfs2.provider.AbstractFileObject.copyFrom(AbstractFileObject.java:1040)
	at com.sludev.commons.vfs2.provider.s3.SS3TestUtils.uploadFile(SS3TestUtils.java:58)
	at com.sludev.commons.vfs2.provider.s3.SS3FileProviderTest.uploadFileSetup02(SS3FileProviderTest.java:401)
	at com.sludev.commons.vfs2.provider.s3.SS3FileProviderTest.setUp(SS3FileProviderTest.java:80)
	at java.base/jdk.internal.reflect.NativeMethodAccessorImpl.invoke0(Native Method)
	at java.base/jdk.internal.reflect.NativeMethodAccessorImpl.invoke(NativeMethodAccessorImpl.java:62)
	at java.base/jdk.internal.reflect.DelegatingMethodAccessorImpl.invoke(DelegatingMethodAccessorImpl.java:43)
	at java.base/java.lang.reflect.Method.invoke(Method.java:566)
	at org.junit.runners.model.FrameworkMethod$1.runReflectiveCall(FrameworkMethod.java:50)
	at org.junit.internal.runners.model.ReflectiveCallable.run(ReflectiveCallable.java:12)
	at org.junit.runners.model.FrameworkMethod.invokeExplosively(FrameworkMethod.java:47)
	at org.junit.internal.runners.statements.RunBefores.evaluate(RunBefores.java:24)
	at org.junit.internal.runners.statements.RunAfters.evaluate(RunAfters.java:27)
	at org.junit.rules.TestWatcher$1.evaluate(TestWatcher.java:55)
	at org.junit.rules.RunRules.evaluate(RunRules.java:20)
	at org.junit.runners.ParentRunner.runLeaf(ParentRunner.java:325)
	at org.junit.runners.BlockJUnit4ClassRunner.runChild(BlockJUnit4ClassRunner.java:78)
	at org.junit.runners.BlockJUnit4ClassRunner.runChild(BlockJUnit4ClassRunner.java:57)
	at org.junit.runners.ParentRunner$3.run(ParentRunner.java:290)
	at org.junit.runners.ParentRunner$1.schedule(ParentRunner.java:71)
	at org.junit.runners.ParentRunner.runChildren(ParentRunner.java:288)
	at org.junit.runners.ParentRunner.access$000(ParentRunner.java:58)
	at org.junit.runners.ParentRunner$2.evaluate(ParentRunner.java:268)
	at org.junit.internal.runners.statements.RunBefores.evaluate(RunBefores.java:26)
	at org.junit.internal.runners.statements.RunAfters.evaluate(RunAfters.java:27)
	at org.junit.runners.ParentRunner.run(ParentRunner.java:363)
	at org.apache.maven.surefire.junit4.JUnit4Provider.execute(JUnit4Provider.java:252)
	at org.apache.maven.surefire.junit4.JUnit4Provider.executeTestSet(JUnit4Provider.java:141)
	at org.apache.maven.surefire.junit4.JUnit4Provider.invoke(JUnit4Provider.java:112)
	at java.base/jdk.internal.reflect.NativeMethodAccessorImpl.invoke0(Native Method)
	at java.base/jdk.internal.reflect.NativeMethodAccessorImpl.invoke(NativeMethodAccessorImpl.java:62)
	at java.base/jdk.internal.reflect.DelegatingMethodAccessorImpl.invoke(DelegatingMethodAccessorImpl.java:43)
	at java.base/java.lang.reflect.Method.invoke(Method.java:566)
	at org.apache.maven.surefire.util.ReflectionUtils.invokeMethodWithArray(ReflectionUtils.java:189)
	at org.apache.maven.surefire.booter.ProviderFactory$ProviderProxy.invoke(ProviderFactory.java:165)
	at org.apache.maven.surefire.booter.ProviderFactory.invokeProvider(ProviderFactory.java:85)
	at org.apache.maven.surefire.booter.ForkedBooter.runSuitesInProcess(ForkedBooter.java:115)
	at org.apache.maven.surefire.booter.ForkedBooter.main(ForkedBooter.java:75)

A002_downloadFile(com.sludev.commons.vfs2.provider.s3.SS3FileProviderTest)  Time elapsed: 0.005 sec  <<< ERROR!
java.lang.NoClassDefFoundError: javax/xml/bind/DatatypeConverter
	at com.amazonaws.util.Base64.encodeAsString(Base64.java:36)
	at com.amazonaws.auth.AbstractAWSSigner.signAndBase64Encode(AbstractAWSSigner.java:68)
	at com.amazonaws.auth.AbstractAWSSigner.signAndBase64Encode(AbstractAWSSigner.java:57)
	at com.amazonaws.services.s3.internal.S3Signer.sign(S3Signer.java:173)
	at com.amazonaws.http.AmazonHttpClient.executeOneRequest(AmazonHttpClient.java:682)
	at com.amazonaws.http.AmazonHttpClient.executeHelper(AmazonHttpClient.java:462)
	at com.amazonaws.http.AmazonHttpClient.execute(AmazonHttpClient.java:297)
	at com.amazonaws.services.s3.AmazonS3Client.invoke(AmazonS3Client.java:3672)
	at com.amazonaws.services.s3.AmazonS3Client.getObject(AmazonS3Client.java:1160)
	at com.amazonaws.services.s3.AmazonS3Client.getObject(AmazonS3Client.java:1032)
	at com.sludev.commons.vfs2.provider.s3.SS3FileObject.objectExists(SS3FileObject.java:154)
	at com.sludev.commons.vfs2.provider.s3.SS3FileObject.doAttach(SS3FileObject.java:130)
	at org.apache.commons.vfs2.provider.AbstractFileObject.attach(AbstractFileObject.java:1505)
	at org.apache.commons.vfs2.provider.AbstractFileObject.getType(AbstractFileObject.java:489)
	at org.apache.commons.vfs2.provider.AbstractFileObject.exists(AbstractFileObject.java:477)
	at org.apache.commons.vfs2.provider.AbstractFileObject.findFiles(AbstractFileObject.java:1688)
	at org.apache.commons.vfs2.provider.AbstractFileObject.delete(AbstractFileObject.java:888)
	at org.apache.commons.vfs2.provider.AbstractFileObject.delete(AbstractFileObject.java:864)
	at com.sludev.commons.vfs2.provider.s3.SS3TestUtils.deleteFile(SS3TestUtils.java:79)
	at com.sludev.commons.vfs2.provider.s3.SS3FileProviderTest.removeFileSetup02(SS3FileProviderTest.java:439)
	at com.sludev.commons.vfs2.provider.s3.SS3FileProviderTest.tearDown(SS3FileProviderTest.java:101)
	at java.base/jdk.internal.reflect.NativeMethodAccessorImpl.invoke0(Native Method)
	at java.base/jdk.internal.reflect.NativeMethodAccessorImpl.invoke(NativeMethodAccessorImpl.java:62)
	at java.base/jdk.internal.reflect.DelegatingMethodAccessorImpl.invoke(DelegatingMethodAccessorImpl.java:43)
	at java.base/java.lang.reflect.Method.invoke(Method.java:566)
	at org.junit.runners.model.FrameworkMethod$1.runReflectiveCall(FrameworkMethod.java:50)
	at org.junit.internal.runners.model.ReflectiveCallable.run(ReflectiveCallable.java:12)
	at org.junit.runners.model.FrameworkMethod.invokeExplosively(FrameworkMethod.java:47)
	at org.junit.internal.runners.statements.RunAfters.evaluate(RunAfters.java:33)
	at org.junit.rules.TestWatcher$1.evaluate(TestWatcher.java:55)
	at org.junit.rules.RunRules.evaluate(RunRules.java:20)
	at org.junit.runners.ParentRunner.runLeaf(ParentRunner.java:325)
	at org.junit.runners.BlockJUnit4ClassRunner.runChild(BlockJUnit4ClassRunner.java:78)
	at org.junit.runners.BlockJUnit4ClassRunner.runChild(BlockJUnit4ClassRunner.java:57)
	at org.junit.runners.ParentRunner$3.run(ParentRunner.java:290)
	at org.junit.runners.ParentRunner$1.schedule(ParentRunner.java:71)
	at org.junit.runners.ParentRunner.runChildren(ParentRunner.java:288)
	at org.junit.runners.ParentRunner.access$000(ParentRunner.java:58)
	at org.junit.runners.ParentRunner$2.evaluate(ParentRunner.java:268)
	at org.junit.internal.runners.statements.RunBefores.evaluate(RunBefores.java:26)
	at org.junit.internal.runners.statements.RunAfters.evaluate(RunAfters.java:27)
	at org.junit.runners.ParentRunner.run(ParentRunner.java:363)
	at org.apache.maven.surefire.junit4.JUnit4Provider.execute(JUnit4Provider.java:252)
	at org.apache.maven.surefire.junit4.JUnit4Provider.executeTestSet(JUnit4Provider.java:141)
	at org.apache.maven.surefire.junit4.JUnit4Provider.invoke(JUnit4Provider.java:112)
	at java.base/jdk.internal.reflect.NativeMethodAccessorImpl.invoke0(Native Method)
	at java.base/jdk.internal.reflect.NativeMethodAccessorImpl.invoke(NativeMethodAccessorImpl.java:62)
	at java.base/jdk.internal.reflect.DelegatingMethodAccessorImpl.invoke(DelegatingMethodAccessorImpl.java:43)
	at java.base/java.lang.reflect.Method.invoke(Method.java:566)
	at org.apache.maven.surefire.util.ReflectionUtils.invokeMethodWithArray(ReflectionUtils.java:189)
	at org.apache.maven.surefire.booter.ProviderFactory$ProviderProxy.invoke(ProviderFactory.java:165)
	at org.apache.maven.surefire.booter.ProviderFactory.invokeProvider(ProviderFactory.java:85)
	at org.apache.maven.surefire.booter.ForkedBooter.runSuitesInProcess(ForkedBooter.java:115)
	at org.apache.maven.surefire.booter.ForkedBooter.main(ForkedBooter.java:75)

A003_exist(com.sludev.commons.vfs2.provider.s3.SS3FileProviderTest)  Time elapsed: 0.006 sec  <<< ERROR!
java.lang.NoClassDefFoundError: javax/xml/bind/DatatypeConverter
	at com.amazonaws.util.Base64.encodeAsString(Base64.java:36)
	at com.amazonaws.auth.AbstractAWSSigner.signAndBase64Encode(AbstractAWSSigner.java:68)
	at com.amazonaws.auth.AbstractAWSSigner.signAndBase64Encode(AbstractAWSSigner.java:57)
	at com.amazonaws.services.s3.internal.S3Signer.sign(S3Signer.java:173)
	at com.amazonaws.http.AmazonHttpClient.executeOneRequest(AmazonHttpClient.java:682)
	at com.amazonaws.http.AmazonHttpClient.executeHelper(AmazonHttpClient.java:462)
	at com.amazonaws.http.AmazonHttpClient.execute(AmazonHttpClient.java:297)
	at com.amazonaws.services.s3.AmazonS3Client.invoke(AmazonS3Client.java:3672)
	at com.amazonaws.services.s3.AmazonS3Client.getObject(AmazonS3Client.java:1160)
	at com.amazonaws.services.s3.AmazonS3Client.getObject(AmazonS3Client.java:1032)
	at com.sludev.commons.vfs2.provider.s3.SS3FileObject.objectExists(SS3FileObject.java:154)
	at com.sludev.commons.vfs2.provider.s3.SS3FileObject.doAttach(SS3FileObject.java:130)
	at org.apache.commons.vfs2.provider.AbstractFileObject.attach(AbstractFileObject.java:1505)
	at org.apache.commons.vfs2.provider.AbstractFileObject.getType(AbstractFileObject.java:489)
	at org.apache.commons.vfs2.provider.AbstractFileObject.exists(AbstractFileObject.java:477)
	at org.apache.commons.vfs2.provider.AbstractFileObject.copyFrom(AbstractFileObject.java:1040)
	at com.sludev.commons.vfs2.provider.s3.SS3TestUtils.uploadFile(SS3TestUtils.java:58)
	at com.sludev.commons.vfs2.provider.s3.SS3FileProviderTest.uploadFileSetup02(SS3FileProviderTest.java:401)
	at com.sludev.commons.vfs2.provider.s3.SS3FileProviderTest.setUp(SS3FileProviderTest.java:80)
	at java.base/jdk.internal.reflect.NativeMethodAccessorImpl.invoke0(Native Method)
	at java.base/jdk.internal.reflect.NativeMethodAccessorImpl.invoke(NativeMethodAccessorImpl.java:62)
	at java.base/jdk.internal.reflect.DelegatingMethodAccessorImpl.invoke(DelegatingMethodAccessorImpl.java:43)
	at java.base/java.lang.reflect.Method.invoke(Method.java:566)
	at org.junit.runners.model.FrameworkMethod$1.runReflectiveCall(FrameworkMethod.java:50)
	at org.junit.internal.runners.model.ReflectiveCallable.run(ReflectiveCallable.java:12)
	at org.junit.runners.model.FrameworkMethod.invokeExplosively(FrameworkMethod.java:47)
	at org.junit.internal.runners.statements.RunBefores.evaluate(RunBefores.java:24)
	at org.junit.internal.runners.statements.RunAfters.evaluate(RunAfters.java:27)
	at org.junit.rules.TestWatcher$1.evaluate(TestWatcher.java:55)
	at org.junit.rules.RunRules.evaluate(RunRules.java:20)
	at org.junit.runners.ParentRunner.runLeaf(ParentRunner.java:325)
	at org.junit.runners.BlockJUnit4ClassRunner.runChild(BlockJUnit4ClassRunner.java:78)
	at org.junit.runners.BlockJUnit4ClassRunner.runChild(BlockJUnit4ClassRunner.java:57)
	at org.junit.runners.ParentRunner$3.run(ParentRunner.java:290)
	at org.junit.runners.ParentRunner$1.schedule(ParentRunner.java:71)
	at org.junit.runners.ParentRunner.runChildren(ParentRunner.java:288)
	at org.junit.runners.ParentRunner.access$000(ParentRunner.java:58)
	at org.junit.runners.ParentRunner$2.evaluate(ParentRunner.java:268)
	at org.junit.internal.runners.statements.RunBefores.evaluate(RunBefores.java:26)
	at org.junit.internal.runners.statements.RunAfters.evaluate(RunAfters.java:27)
	at org.junit.runners.ParentRunner.run(ParentRunner.java:363)
	at org.apache.maven.surefire.junit4.JUnit4Provider.execute(JUnit4Provider.java:252)
	at org.apache.maven.surefire.junit4.JUnit4Provider.executeTestSet(JUnit4Provider.java:141)
	at org.apache.maven.surefire.junit4.JUnit4Provider.invoke(JUnit4Provider.java:112)
	at java.base/jdk.internal.reflect.NativeMethodAccessorImpl.invoke0(Native Method)
	at java.base/jdk.internal.reflect.NativeMethodAccessorImpl.invoke(NativeMethodAccessorImpl.java:62)
	at java.base/jdk.internal.reflect.DelegatingMethodAccessorImpl.invoke(DelegatingMethodAccessorImpl.java:43)
	at java.base/java.lang.reflect.Method.invoke(Method.java:566)
	at org.apache.maven.surefire.util.ReflectionUtils.invokeMethodWithArray(ReflectionUtils.java:189)
	at org.apache.maven.surefire.booter.ProviderFactory$ProviderProxy.invoke(ProviderFactory.java:165)
	at org.apache.maven.surefire.booter.ProviderFactory.invokeProvider(ProviderFactory.java:85)
	at org.apache.maven.surefire.booter.ForkedBooter.runSuitesInProcess(ForkedBooter.java:115)
	at org.apache.maven.surefire.booter.ForkedBooter.main(ForkedBooter.java:75)

A003_exist(com.sludev.commons.vfs2.provider.s3.SS3FileProviderTest)  Time elapsed: 0.006 sec  <<< ERROR!
java.lang.NoClassDefFoundError: javax/xml/bind/DatatypeConverter
	at com.amazonaws.util.Base64.encodeAsString(Base64.java:36)
	at com.amazonaws.auth.AbstractAWSSigner.signAndBase64Encode(AbstractAWSSigner.java:68)
	at com.amazonaws.auth.AbstractAWSSigner.signAndBase64Encode(AbstractAWSSigner.java:57)
	at com.amazonaws.services.s3.internal.S3Signer.sign(S3Signer.java:173)
	at com.amazonaws.http.AmazonHttpClient.executeOneRequest(AmazonHttpClient.java:682)
	at com.amazonaws.http.AmazonHttpClient.executeHelper(AmazonHttpClient.java:462)
	at com.amazonaws.http.AmazonHttpClient.execute(AmazonHttpClient.java:297)
	at com.amazonaws.services.s3.AmazonS3Client.invoke(AmazonS3Client.java:3672)
	at com.amazonaws.services.s3.AmazonS3Client.getObject(AmazonS3Client.java:1160)
	at com.amazonaws.services.s3.AmazonS3Client.getObject(AmazonS3Client.java:1032)
	at com.sludev.commons.vfs2.provider.s3.SS3FileObject.objectExists(SS3FileObject.java:154)
	at com.sludev.commons.vfs2.provider.s3.SS3FileObject.doAttach(SS3FileObject.java:130)
	at org.apache.commons.vfs2.provider.AbstractFileObject.attach(AbstractFileObject.java:1505)
	at org.apache.commons.vfs2.provider.AbstractFileObject.getType(AbstractFileObject.java:489)
	at org.apache.commons.vfs2.provider.AbstractFileObject.exists(AbstractFileObject.java:477)
	at org.apache.commons.vfs2.provider.AbstractFileObject.findFiles(AbstractFileObject.java:1688)
	at org.apache.commons.vfs2.provider.AbstractFileObject.delete(AbstractFileObject.java:888)
	at org.apache.commons.vfs2.provider.AbstractFileObject.delete(AbstractFileObject.java:864)
	at com.sludev.commons.vfs2.provider.s3.SS3TestUtils.deleteFile(SS3TestUtils.java:79)
	at com.sludev.commons.vfs2.provider.s3.SS3FileProviderTest.removeFileSetup02(SS3FileProviderTest.java:439)
	at com.sludev.commons.vfs2.provider.s3.SS3FileProviderTest.tearDown(SS3FileProviderTest.java:101)
	at java.base/jdk.internal.reflect.NativeMethodAccessorImpl.invoke0(Native Method)
	at java.base/jdk.internal.reflect.NativeMethodAccessorImpl.invoke(NativeMethodAccessorImpl.java:62)
	at java.base/jdk.internal.reflect.DelegatingMethodAccessorImpl.invoke(DelegatingMethodAccessorImpl.java:43)
	at java.base/java.lang.reflect.Method.invoke(Method.java:566)
	at org.junit.runners.model.FrameworkMethod$1.runReflectiveCall(FrameworkMethod.java:50)
	at org.junit.internal.runners.model.ReflectiveCallable.run(ReflectiveCallable.java:12)
	at org.junit.runners.model.FrameworkMethod.invokeExplosively(FrameworkMethod.java:47)
	at org.junit.internal.runners.statements.RunAfters.evaluate(RunAfters.java:33)
	at org.junit.rules.TestWatcher$1.evaluate(TestWatcher.java:55)
	at org.junit.rules.RunRules.evaluate(RunRules.java:20)
	at org.junit.runners.ParentRunner.runLeaf(ParentRunner.java:325)
	at org.junit.runners.BlockJUnit4ClassRunner.runChild(BlockJUnit4ClassRunner.java:78)
	at org.junit.runners.BlockJUnit4ClassRunner.runChild(BlockJUnit4ClassRunner.java:57)
	at org.junit.runners.ParentRunner$3.run(ParentRunner.java:290)
	at org.junit.runners.ParentRunner$1.schedule(ParentRunner.java:71)
	at org.junit.runners.ParentRunner.runChildren(ParentRunner.java:288)
	at org.junit.runners.ParentRunner.access$000(ParentRunner.java:58)
	at org.junit.runners.ParentRunner$2.evaluate(ParentRunner.java:268)
	at org.junit.internal.runners.statements.RunBefores.evaluate(RunBefores.java:26)
	at org.junit.internal.runners.statements.RunAfters.evaluate(RunAfters.java:27)
	at org.junit.runners.ParentRunner.run(ParentRunner.java:363)
	at org.apache.maven.surefire.junit4.JUnit4Provider.execute(JUnit4Provider.java:252)
	at org.apache.maven.surefire.junit4.JUnit4Provider.executeTestSet(JUnit4Provider.java:141)
	at org.apache.maven.surefire.junit4.JUnit4Provider.invoke(JUnit4Provider.java:112)
	at java.base/jdk.internal.reflect.NativeMethodAccessorImpl.invoke0(Native Method)
	at java.base/jdk.internal.reflect.NativeMethodAccessorImpl.invoke(NativeMethodAccessorImpl.java:62)
	at java.base/jdk.internal.reflect.DelegatingMethodAccessorImpl.invoke(DelegatingMethodAccessorImpl.java:43)
	at java.base/java.lang.reflect.Method.invoke(Method.java:566)
	at org.apache.maven.surefire.util.ReflectionUtils.invokeMethodWithArray(ReflectionUtils.java:189)
	at org.apache.maven.surefire.booter.ProviderFactory$ProviderProxy.invoke(ProviderFactory.java:165)
	at org.apache.maven.surefire.booter.ProviderFactory.invokeProvider(ProviderFactory.java:85)
	at org.apache.maven.surefire.booter.ForkedBooter.runSuitesInProcess(ForkedBooter.java:115)
	at org.apache.maven.surefire.booter.ForkedBooter.main(ForkedBooter.java:75)

A004_getContentSize(com.sludev.commons.vfs2.provider.s3.SS3FileProviderTest)  Time elapsed: 0.006 sec  <<< ERROR!
java.lang.NoClassDefFoundError: javax/xml/bind/DatatypeConverter
	at com.amazonaws.util.Base64.encodeAsString(Base64.java:36)
	at com.amazonaws.auth.AbstractAWSSigner.signAndBase64Encode(AbstractAWSSigner.java:68)
	at com.amazonaws.auth.AbstractAWSSigner.signAndBase64Encode(AbstractAWSSigner.java:57)
	at com.amazonaws.services.s3.internal.S3Signer.sign(S3Signer.java:173)
	at com.amazonaws.http.AmazonHttpClient.executeOneRequest(AmazonHttpClient.java:682)
	at com.amazonaws.http.AmazonHttpClient.executeHelper(AmazonHttpClient.java:462)
	at com.amazonaws.http.AmazonHttpClient.execute(AmazonHttpClient.java:297)
	at com.amazonaws.services.s3.AmazonS3Client.invoke(AmazonS3Client.java:3672)
	at com.amazonaws.services.s3.AmazonS3Client.getObject(AmazonS3Client.java:1160)
	at com.amazonaws.services.s3.AmazonS3Client.getObject(AmazonS3Client.java:1032)
	at com.sludev.commons.vfs2.provider.s3.SS3FileObject.objectExists(SS3FileObject.java:154)
	at com.sludev.commons.vfs2.provider.s3.SS3FileObject.doAttach(SS3FileObject.java:130)
	at org.apache.commons.vfs2.provider.AbstractFileObject.attach(AbstractFileObject.java:1505)
	at org.apache.commons.vfs2.provider.AbstractFileObject.getType(AbstractFileObject.java:489)
	at org.apache.commons.vfs2.provider.AbstractFileObject.exists(AbstractFileObject.java:477)
	at org.apache.commons.vfs2.provider.AbstractFileObject.copyFrom(AbstractFileObject.java:1040)
	at com.sludev.commons.vfs2.provider.s3.SS3TestUtils.uploadFile(SS3TestUtils.java:58)
	at com.sludev.commons.vfs2.provider.s3.SS3FileProviderTest.uploadFileSetup02(SS3FileProviderTest.java:401)
	at com.sludev.commons.vfs2.provider.s3.SS3FileProviderTest.setUp(SS3FileProviderTest.java:80)
	at java.base/jdk.internal.reflect.NativeMethodAccessorImpl.invoke0(Native Method)
	at java.base/jdk.internal.reflect.NativeMethodAccessorImpl.invoke(NativeMethodAccessorImpl.java:62)
	at java.base/jdk.internal.reflect.DelegatingMethodAccessorImpl.invoke(DelegatingMethodAccessorImpl.java:43)
	at java.base/java.lang.reflect.Method.invoke(Method.java:566)
	at org.junit.runners.model.FrameworkMethod$1.runReflectiveCall(FrameworkMethod.java:50)
	at org.junit.internal.runners.model.ReflectiveCallable.run(ReflectiveCallable.java:12)
	at org.junit.runners.model.FrameworkMethod.invokeExplosively(FrameworkMethod.java:47)
	at org.junit.internal.runners.statements.RunBefores.evaluate(RunBefores.java:24)
	at org.junit.internal.runners.statements.RunAfters.evaluate(RunAfters.java:27)
	at org.junit.rules.TestWatcher$1.evaluate(TestWatcher.java:55)
	at org.junit.rules.RunRules.evaluate(RunRules.java:20)
	at org.junit.runners.ParentRunner.runLeaf(ParentRunner.java:325)
	at org.junit.runners.BlockJUnit4ClassRunner.runChild(BlockJUnit4ClassRunner.java:78)
	at org.junit.runners.BlockJUnit4ClassRunner.runChild(BlockJUnit4ClassRunner.java:57)
	at org.junit.runners.ParentRunner$3.run(ParentRunner.java:290)
	at org.junit.runners.ParentRunner$1.schedule(ParentRunner.java:71)
	at org.junit.runners.ParentRunner.runChildren(ParentRunner.java:288)
	at org.junit.runners.ParentRunner.access$000(ParentRunner.java:58)
	at org.junit.runners.ParentRunner$2.evaluate(ParentRunner.java:268)
	at org.junit.internal.runners.statements.RunBefores.evaluate(RunBefores.java:26)
	at org.junit.internal.runners.statements.RunAfters.evaluate(RunAfters.java:27)
	at org.junit.runners.ParentRunner.run(ParentRunner.java:363)
	at org.apache.maven.surefire.junit4.JUnit4Provider.execute(JUnit4Provider.java:252)
	at org.apache.maven.surefire.junit4.JUnit4Provider.executeTestSet(JUnit4Provider.java:141)
	at org.apache.maven.surefire.junit4.JUnit4Provider.invoke(JUnit4Provider.java:112)
	at java.base/jdk.internal.reflect.NativeMethodAccessorImpl.invoke0(Native Method)
	at java.base/jdk.internal.reflect.NativeMethodAccessorImpl.invoke(NativeMethodAccessorImpl.java:62)
	at java.base/jdk.internal.reflect.DelegatingMethodAccessorImpl.invoke(DelegatingMethodAccessorImpl.java:43)
	at java.base/java.lang.reflect.Method.invoke(Method.java:566)
	at org.apache.maven.surefire.util.ReflectionUtils.invokeMethodWithArray(ReflectionUtils.java:189)
	at org.apache.maven.surefire.booter.ProviderFactory$ProviderProxy.invoke(ProviderFactory.java:165)
	at org.apache.maven.surefire.booter.ProviderFactory.invokeProvider(ProviderFactory.java:85)
	at org.apache.maven.surefire.booter.ForkedBooter.runSuitesInProcess(ForkedBooter.java:115)
	at org.apache.maven.surefire.booter.ForkedBooter.main(ForkedBooter.java:75)

A004_getContentSize(com.sludev.commons.vfs2.provider.s3.SS3FileProviderTest)  Time elapsed: 0.007 sec  <<< ERROR!
java.lang.NoClassDefFoundError: javax/xml/bind/DatatypeConverter
	at com.amazonaws.util.Base64.encodeAsString(Base64.java:36)
	at com.amazonaws.auth.AbstractAWSSigner.signAndBase64Encode(AbstractAWSSigner.java:68)
	at com.amazonaws.auth.AbstractAWSSigner.signAndBase64Encode(AbstractAWSSigner.java:57)
	at com.amazonaws.services.s3.internal.S3Signer.sign(S3Signer.java:173)
	at com.amazonaws.http.AmazonHttpClient.executeOneRequest(AmazonHttpClient.java:682)
	at com.amazonaws.http.AmazonHttpClient.executeHelper(AmazonHttpClient.java:462)
	at com.amazonaws.http.AmazonHttpClient.execute(AmazonHttpClient.java:297)
	at com.amazonaws.services.s3.AmazonS3Client.invoke(AmazonS3Client.java:3672)
	at com.amazonaws.services.s3.AmazonS3Client.getObject(AmazonS3Client.java:1160)
	at com.amazonaws.services.s3.AmazonS3Client.getObject(AmazonS3Client.java:1032)
	at com.sludev.commons.vfs2.provider.s3.SS3FileObject.objectExists(SS3FileObject.java:154)
	at com.sludev.commons.vfs2.provider.s3.SS3FileObject.doAttach(SS3FileObject.java:130)
	at org.apache.commons.vfs2.provider.AbstractFileObject.attach(AbstractFileObject.java:1505)
	at org.apache.commons.vfs2.provider.AbstractFileObject.getType(AbstractFileObject.java:489)
	at org.apache.commons.vfs2.provider.AbstractFileObject.exists(AbstractFileObject.java:477)
	at org.apache.commons.vfs2.provider.AbstractFileObject.findFiles(AbstractFileObject.java:1688)
	at org.apache.commons.vfs2.provider.AbstractFileObject.delete(AbstractFileObject.java:888)
	at org.apache.commons.vfs2.provider.AbstractFileObject.delete(AbstractFileObject.java:864)
	at com.sludev.commons.vfs2.provider.s3.SS3TestUtils.deleteFile(SS3TestUtils.java:79)
	at com.sludev.commons.vfs2.provider.s3.SS3FileProviderTest.removeFileSetup02(SS3FileProviderTest.java:439)
	at com.sludev.commons.vfs2.provider.s3.SS3FileProviderTest.tearDown(SS3FileProviderTest.java:101)
	at java.base/jdk.internal.reflect.NativeMethodAccessorImpl.invoke0(Native Method)
	at java.base/jdk.internal.reflect.NativeMethodAccessorImpl.invoke(NativeMethodAccessorImpl.java:62)
	at java.base/jdk.internal.reflect.DelegatingMethodAccessorImpl.invoke(DelegatingMethodAccessorImpl.java:43)
	at java.base/java.lang.reflect.Method.invoke(Method.java:566)
	at org.junit.runners.model.FrameworkMethod$1.runReflectiveCall(FrameworkMethod.java:50)
	at org.junit.internal.runners.model.ReflectiveCallable.run(ReflectiveCallable.java:12)
	at org.junit.runners.model.FrameworkMethod.invokeExplosively(FrameworkMethod.java:47)
	at org.junit.internal.runners.statements.RunAfters.evaluate(RunAfters.java:33)
	at org.junit.rules.TestWatcher$1.evaluate(TestWatcher.java:55)
	at org.junit.rules.RunRules.evaluate(RunRules.java:20)
	at org.junit.runners.ParentRunner.runLeaf(ParentRunner.java:325)
	at org.junit.runners.BlockJUnit4ClassRunner.runChild(BlockJUnit4ClassRunner.java:78)
	at org.junit.runners.BlockJUnit4ClassRunner.runChild(BlockJUnit4ClassRunner.java:57)
	at org.junit.runners.ParentRunner$3.run(ParentRunner.java:290)
	at org.junit.runners.ParentRunner$1.schedule(ParentRunner.java:71)
	at org.junit.runners.ParentRunner.runChildren(ParentRunner.java:288)
	at org.junit.runners.ParentRunner.access$000(ParentRunner.java:58)
	at org.junit.runners.ParentRunner$2.evaluate(ParentRunner.java:268)
	at org.junit.internal.runners.statements.RunBefores.evaluate(RunBefores.java:26)
	at org.junit.internal.runners.statements.RunAfters.evaluate(RunAfters.java:27)
	at org.junit.runners.ParentRunner.run(ParentRunner.java:363)
	at org.apache.maven.surefire.junit4.JUnit4Provider.execute(JUnit4Provider.java:252)
	at org.apache.maven.surefire.junit4.JUnit4Provider.executeTestSet(JUnit4Provider.java:141)
	at org.apache.maven.surefire.junit4.JUnit4Provider.invoke(JUnit4Provider.java:112)
	at java.base/jdk.internal.reflect.NativeMethodAccessorImpl.invoke0(Native Method)
	at java.base/jdk.internal.reflect.NativeMethodAccessorImpl.invoke(NativeMethodAccessorImpl.java:62)
	at java.base/jdk.internal.reflect.DelegatingMethodAccessorImpl.invoke(DelegatingMethodAccessorImpl.java:43)
	at java.base/java.lang.reflect.Method.invoke(Method.java:566)
	at org.apache.maven.surefire.util.ReflectionUtils.invokeMethodWithArray(ReflectionUtils.java:189)
	at org.apache.maven.surefire.booter.ProviderFactory$ProviderProxy.invoke(ProviderFactory.java:165)
	at org.apache.maven.surefire.booter.ProviderFactory.invokeProvider(ProviderFactory.java:85)
	at org.apache.maven.surefire.booter.ForkedBooter.runSuitesInProcess(ForkedBooter.java:115)
	at org.apache.maven.surefire.booter.ForkedBooter.main(ForkedBooter.java:75)

A005_testContent(com.sludev.commons.vfs2.provider.s3.SS3FileProviderTest)  Time elapsed: 0.004 sec  <<< ERROR!
java.lang.NoClassDefFoundError: javax/xml/bind/DatatypeConverter
	at com.amazonaws.util.Base64.encodeAsString(Base64.java:36)
	at com.amazonaws.auth.AbstractAWSSigner.signAndBase64Encode(AbstractAWSSigner.java:68)
	at com.amazonaws.auth.AbstractAWSSigner.signAndBase64Encode(AbstractAWSSigner.java:57)
	at com.amazonaws.services.s3.internal.S3Signer.sign(S3Signer.java:173)
	at com.amazonaws.http.AmazonHttpClient.executeOneRequest(AmazonHttpClient.java:682)
	at com.amazonaws.http.AmazonHttpClient.executeHelper(AmazonHttpClient.java:462)
	at com.amazonaws.http.AmazonHttpClient.execute(AmazonHttpClient.java:297)
	at com.amazonaws.services.s3.AmazonS3Client.invoke(AmazonS3Client.java:3672)
	at com.amazonaws.services.s3.AmazonS3Client.getObject(AmazonS3Client.java:1160)
	at com.amazonaws.services.s3.AmazonS3Client.getObject(AmazonS3Client.java:1032)
	at com.sludev.commons.vfs2.provider.s3.SS3FileObject.objectExists(SS3FileObject.java:154)
	at com.sludev.commons.vfs2.provider.s3.SS3FileObject.doAttach(SS3FileObject.java:130)
	at org.apache.commons.vfs2.provider.AbstractFileObject.attach(AbstractFileObject.java:1505)
	at org.apache.commons.vfs2.provider.AbstractFileObject.getType(AbstractFileObject.java:489)
	at org.apache.commons.vfs2.provider.AbstractFileObject.exists(AbstractFileObject.java:477)
	at org.apache.commons.vfs2.provider.AbstractFileObject.copyFrom(AbstractFileObject.java:1040)
	at com.sludev.commons.vfs2.provider.s3.SS3TestUtils.uploadFile(SS3TestUtils.java:58)
	at com.sludev.commons.vfs2.provider.s3.SS3FileProviderTest.uploadFileSetup02(SS3FileProviderTest.java:401)
	at com.sludev.commons.vfs2.provider.s3.SS3FileProviderTest.setUp(SS3FileProviderTest.java:80)
	at java.base/jdk.internal.reflect.NativeMethodAccessorImpl.invoke0(Native Method)
	at java.base/jdk.internal.reflect.NativeMethodAccessorImpl.invoke(NativeMethodAccessorImpl.java:62)
	at java.base/jdk.internal.reflect.DelegatingMethodAccessorImpl.invoke(DelegatingMethodAccessorImpl.java:43)
	at java.base/java.lang.reflect.Method.invoke(Method.java:566)
	at org.junit.runners.model.FrameworkMethod$1.runReflectiveCall(FrameworkMethod.java:50)
	at org.junit.internal.runners.model.ReflectiveCallable.run(ReflectiveCallable.java:12)
	at org.junit.runners.model.FrameworkMethod.invokeExplosively(FrameworkMethod.java:47)
	at org.junit.internal.runners.statements.RunBefores.evaluate(RunBefores.java:24)
	at org.junit.internal.runners.statements.RunAfters.evaluate(RunAfters.java:27)
	at org.junit.rules.TestWatcher$1.evaluate(TestWatcher.java:55)
	at org.junit.rules.RunRules.evaluate(RunRules.java:20)
	at org.junit.runners.ParentRunner.runLeaf(ParentRunner.java:325)
	at org.junit.runners.BlockJUnit4ClassRunner.runChild(BlockJUnit4ClassRunner.java:78)
	at org.junit.runners.BlockJUnit4ClassRunner.runChild(BlockJUnit4ClassRunner.java:57)
	at org.junit.runners.ParentRunner$3.run(ParentRunner.java:290)
	at org.junit.runners.ParentRunner$1.schedule(ParentRunner.java:71)
	at org.junit.runners.ParentRunner.runChildren(ParentRunner.java:288)
	at org.junit.runners.ParentRunner.access$000(ParentRunner.java:58)
	at org.junit.runners.ParentRunner$2.evaluate(ParentRunner.java:268)
	at org.junit.internal.runners.statements.RunBefores.evaluate(RunBefores.java:26)
	at org.junit.internal.runners.statements.RunAfters.evaluate(RunAfters.java:27)
	at org.junit.runners.ParentRunner.run(ParentRunner.java:363)
	at org.apache.maven.surefire.junit4.JUnit4Provider.execute(JUnit4Provider.java:252)
	at org.apache.maven.surefire.junit4.JUnit4Provider.executeTestSet(JUnit4Provider.java:141)
	at org.apache.maven.surefire.junit4.JUnit4Provider.invoke(JUnit4Provider.java:112)
	at java.base/jdk.internal.reflect.NativeMethodAccessorImpl.invoke0(Native Method)
	at java.base/jdk.internal.reflect.NativeMethodAccessorImpl.invoke(NativeMethodAccessorImpl.java:62)
	at java.base/jdk.internal.reflect.DelegatingMethodAccessorImpl.invoke(DelegatingMethodAccessorImpl.java:43)
	at java.base/java.lang.reflect.Method.invoke(Method.java:566)
	at org.apache.maven.surefire.util.ReflectionUtils.invokeMethodWithArray(ReflectionUtils.java:189)
	at org.apache.maven.surefire.booter.ProviderFactory$ProviderProxy.invoke(ProviderFactory.java:165)
	at org.apache.maven.surefire.booter.ProviderFactory.invokeProvider(ProviderFactory.java:85)
	at org.apache.maven.surefire.booter.ForkedBooter.runSuitesInProcess(ForkedBooter.java:115)
	at org.apache.maven.surefire.booter.ForkedBooter.main(ForkedBooter.java:75)

A005_testContent(com.sludev.commons.vfs2.provider.s3.SS3FileProviderTest)  Time elapsed: 0.005 sec  <<< ERROR!
java.lang.NoClassDefFoundError: javax/xml/bind/DatatypeConverter
	at com.amazonaws.util.Base64.encodeAsString(Base64.java:36)
	at com.amazonaws.auth.AbstractAWSSigner.signAndBase64Encode(AbstractAWSSigner.java:68)
	at com.amazonaws.auth.AbstractAWSSigner.signAndBase64Encode(AbstractAWSSigner.java:57)
	at com.amazonaws.services.s3.internal.S3Signer.sign(S3Signer.java:173)
	at com.amazonaws.http.AmazonHttpClient.executeOneRequest(AmazonHttpClient.java:682)
	at com.amazonaws.http.AmazonHttpClient.executeHelper(AmazonHttpClient.java:462)
	at com.amazonaws.http.AmazonHttpClient.execute(AmazonHttpClient.java:297)
	at com.amazonaws.services.s3.AmazonS3Client.invoke(AmazonS3Client.java:3672)
	at com.amazonaws.services.s3.AmazonS3Client.getObject(AmazonS3Client.java:1160)
	at com.amazonaws.services.s3.AmazonS3Client.getObject(AmazonS3Client.java:1032)
	at com.sludev.commons.vfs2.provider.s3.SS3FileObject.objectExists(SS3FileObject.java:154)
	at com.sludev.commons.vfs2.provider.s3.SS3FileObject.doAttach(SS3FileObject.java:130)
	at org.apache.commons.vfs2.provider.AbstractFileObject.attach(AbstractFileObject.java:1505)
	at org.apache.commons.vfs2.provider.AbstractFileObject.getType(AbstractFileObject.java:489)
	at org.apache.commons.vfs2.provider.AbstractFileObject.exists(AbstractFileObject.java:477)
	at org.apache.commons.vfs2.provider.AbstractFileObject.findFiles(AbstractFileObject.java:1688)
	at org.apache.commons.vfs2.provider.AbstractFileObject.delete(AbstractFileObject.java:888)
	at org.apache.commons.vfs2.provider.AbstractFileObject.delete(AbstractFileObject.java:864)
	at com.sludev.commons.vfs2.provider.s3.SS3TestUtils.deleteFile(SS3TestUtils.java:79)
	at com.sludev.commons.vfs2.provider.s3.SS3FileProviderTest.removeFileSetup02(SS3FileProviderTest.java:439)
	at com.sludev.commons.vfs2.provider.s3.SS3FileProviderTest.tearDown(SS3FileProviderTest.java:101)
	at java.base/jdk.internal.reflect.NativeMethodAccessorImpl.invoke0(Native Method)
	at java.base/jdk.internal.reflect.NativeMethodAccessorImpl.invoke(NativeMethodAccessorImpl.java:62)
	at java.base/jdk.internal.reflect.DelegatingMethodAccessorImpl.invoke(DelegatingMethodAccessorImpl.java:43)
	at java.base/java.lang.reflect.Method.invoke(Method.java:566)
	at org.junit.runners.model.FrameworkMethod$1.runReflectiveCall(FrameworkMethod.java:50)
	at org.junit.internal.runners.model.ReflectiveCallable.run(ReflectiveCallable.java:12)
	at org.junit.runners.model.FrameworkMethod.invokeExplosively(FrameworkMethod.java:47)
	at org.junit.internal.runners.statements.RunAfters.evaluate(RunAfters.java:33)
	at org.junit.rules.TestWatcher$1.evaluate(TestWatcher.java:55)
	at org.junit.rules.RunRules.evaluate(RunRules.java:20)
	at org.junit.runners.ParentRunner.runLeaf(ParentRunner.java:325)
	at org.junit.runners.BlockJUnit4ClassRunner.runChild(BlockJUnit4ClassRunner.java:78)
	at org.junit.runners.BlockJUnit4ClassRunner.runChild(BlockJUnit4ClassRunner.java:57)
	at org.junit.runners.ParentRunner$3.run(ParentRunner.java:290)
	at org.junit.runners.ParentRunner$1.schedule(ParentRunner.java:71)
	at org.junit.runners.ParentRunner.runChildren(ParentRunner.java:288)
	at org.junit.runners.ParentRunner.access$000(ParentRunner.java:58)
	at org.junit.runners.ParentRunner$2.evaluate(ParentRunner.java:268)
	at org.junit.internal.runners.statements.RunBefores.evaluate(RunBefores.java:26)
	at org.junit.internal.runners.statements.RunAfters.evaluate(RunAfters.java:27)
	at org.junit.runners.ParentRunner.run(ParentRunner.java:363)
	at org.apache.maven.surefire.junit4.JUnit4Provider.execute(JUnit4Provider.java:252)
	at org.apache.maven.surefire.junit4.JUnit4Provider.executeTestSet(JUnit4Provider.java:141)
	at org.apache.maven.surefire.junit4.JUnit4Provider.invoke(JUnit4Provider.java:112)
	at java.base/jdk.internal.reflect.NativeMethodAccessorImpl.invoke0(Native Method)
	at java.base/jdk.internal.reflect.NativeMethodAccessorImpl.invoke(NativeMethodAccessorImpl.java:62)
	at java.base/jdk.internal.reflect.DelegatingMethodAccessorImpl.invoke(DelegatingMethodAccessorImpl.java:43)
	at java.base/java.lang.reflect.Method.invoke(Method.java:566)
	at org.apache.maven.surefire.util.ReflectionUtils.invokeMethodWithArray(ReflectionUtils.java:189)
	at org.apache.maven.surefire.booter.ProviderFactory$ProviderProxy.invoke(ProviderFactory.java:165)
	at org.apache.maven.surefire.booter.ProviderFactory.invokeProvider(ProviderFactory.java:85)
	at org.apache.maven.surefire.booter.ForkedBooter.runSuitesInProcess(ForkedBooter.java:115)
	at org.apache.maven.surefire.booter.ForkedBooter.main(ForkedBooter.java:75)

A006_deleteFile(com.sludev.commons.vfs2.provider.s3.SS3FileProviderTest)  Time elapsed: 0.004 sec  <<< ERROR!
java.lang.NoClassDefFoundError: javax/xml/bind/DatatypeConverter
	at com.amazonaws.util.Base64.encodeAsString(Base64.java:36)
	at com.amazonaws.auth.AbstractAWSSigner.signAndBase64Encode(AbstractAWSSigner.java:68)
	at com.amazonaws.auth.AbstractAWSSigner.signAndBase64Encode(AbstractAWSSigner.java:57)
	at com.amazonaws.services.s3.internal.S3Signer.sign(S3Signer.java:173)
	at com.amazonaws.http.AmazonHttpClient.executeOneRequest(AmazonHttpClient.java:682)
	at com.amazonaws.http.AmazonHttpClient.executeHelper(AmazonHttpClient.java:462)
	at com.amazonaws.http.AmazonHttpClient.execute(AmazonHttpClient.java:297)
	at com.amazonaws.services.s3.AmazonS3Client.invoke(AmazonS3Client.java:3672)
	at com.amazonaws.services.s3.AmazonS3Client.getObject(AmazonS3Client.java:1160)
	at com.amazonaws.services.s3.AmazonS3Client.getObject(AmazonS3Client.java:1032)
	at com.sludev.commons.vfs2.provider.s3.SS3FileObject.objectExists(SS3FileObject.java:154)
	at com.sludev.commons.vfs2.provider.s3.SS3FileObject.doAttach(SS3FileObject.java:130)
	at org.apache.commons.vfs2.provider.AbstractFileObject.attach(AbstractFileObject.java:1505)
	at org.apache.commons.vfs2.provider.AbstractFileObject.getType(AbstractFileObject.java:489)
	at org.apache.commons.vfs2.provider.AbstractFileObject.exists(AbstractFileObject.java:477)
	at org.apache.commons.vfs2.provider.AbstractFileObject.copyFrom(AbstractFileObject.java:1040)
	at com.sludev.commons.vfs2.provider.s3.SS3TestUtils.uploadFile(SS3TestUtils.java:58)
	at com.sludev.commons.vfs2.provider.s3.SS3FileProviderTest.uploadFileSetup02(SS3FileProviderTest.java:401)
	at com.sludev.commons.vfs2.provider.s3.SS3FileProviderTest.setUp(SS3FileProviderTest.java:80)
	at java.base/jdk.internal.reflect.NativeMethodAccessorImpl.invoke0(Native Method)
	at java.base/jdk.internal.reflect.NativeMethodAccessorImpl.invoke(NativeMethodAccessorImpl.java:62)
	at java.base/jdk.internal.reflect.DelegatingMethodAccessorImpl.invoke(DelegatingMethodAccessorImpl.java:43)
	at java.base/java.lang.reflect.Method.invoke(Method.java:566)
	at org.junit.runners.model.FrameworkMethod$1.runReflectiveCall(FrameworkMethod.java:50)
	at org.junit.internal.runners.model.ReflectiveCallable.run(ReflectiveCallable.java:12)
	at org.junit.runners.model.FrameworkMethod.invokeExplosively(FrameworkMethod.java:47)
	at org.junit.internal.runners.statements.RunBefores.evaluate(RunBefores.java:24)
	at org.junit.internal.runners.statements.RunAfters.evaluate(RunAfters.java:27)
	at org.junit.rules.TestWatcher$1.evaluate(TestWatcher.java:55)
	at org.junit.rules.RunRules.evaluate(RunRules.java:20)
	at org.junit.runners.ParentRunner.runLeaf(ParentRunner.java:325)
	at org.junit.runners.BlockJUnit4ClassRunner.runChild(BlockJUnit4ClassRunner.java:78)
	at org.junit.runners.BlockJUnit4ClassRunner.runChild(BlockJUnit4ClassRunner.java:57)
	at org.junit.runners.ParentRunner$3.run(ParentRunner.java:290)
	at org.junit.runners.ParentRunner$1.schedule(ParentRunner.java:71)
	at org.junit.runners.ParentRunner.runChildren(ParentRunner.java:288)
	at org.junit.runners.ParentRunner.access$000(ParentRunner.java:58)
	at org.junit.runners.ParentRunner$2.evaluate(ParentRunner.java:268)
	at org.junit.internal.runners.statements.RunBefores.evaluate(RunBefores.java:26)
	at org.junit.internal.runners.statements.RunAfters.evaluate(RunAfters.java:27)
	at org.junit.runners.ParentRunner.run(ParentRunner.java:363)
	at org.apache.maven.surefire.junit4.JUnit4Provider.execute(JUnit4Provider.java:252)
	at org.apache.maven.surefire.junit4.JUnit4Provider.executeTestSet(JUnit4Provider.java:141)
	at org.apache.maven.surefire.junit4.JUnit4Provider.invoke(JUnit4Provider.java:112)
	at java.base/jdk.internal.reflect.NativeMethodAccessorImpl.invoke0(Native Method)
	at java.base/jdk.internal.reflect.NativeMethodAccessorImpl.invoke(NativeMethodAccessorImpl.java:62)
	at java.base/jdk.internal.reflect.DelegatingMethodAccessorImpl.invoke(DelegatingMethodAccessorImpl.java:43)
	at java.base/java.lang.reflect.Method.invoke(Method.java:566)
	at org.apache.maven.surefire.util.ReflectionUtils.invokeMethodWithArray(ReflectionUtils.java:189)
	at org.apache.maven.surefire.booter.ProviderFactory$ProviderProxy.invoke(ProviderFactory.java:165)
	at org.apache.maven.surefire.booter.ProviderFactory.invokeProvider(ProviderFactory.java:85)
	at org.apache.maven.surefire.booter.ForkedBooter.runSuitesInProcess(ForkedBooter.java:115)
	at org.apache.maven.surefire.booter.ForkedBooter.main(ForkedBooter.java:75)

A006_deleteFile(com.sludev.commons.vfs2.provider.s3.SS3FileProviderTest)  Time elapsed: 0.005 sec  <<< ERROR!
java.lang.NoClassDefFoundError: javax/xml/bind/DatatypeConverter
	at com.amazonaws.util.Base64.encodeAsString(Base64.java:36)
	at com.amazonaws.auth.AbstractAWSSigner.signAndBase64Encode(AbstractAWSSigner.java:68)
	at com.amazonaws.auth.AbstractAWSSigner.signAndBase64Encode(AbstractAWSSigner.java:57)
	at com.amazonaws.services.s3.internal.S3Signer.sign(S3Signer.java:173)
	at com.amazonaws.http.AmazonHttpClient.executeOneRequest(AmazonHttpClient.java:682)
	at com.amazonaws.http.AmazonHttpClient.executeHelper(AmazonHttpClient.java:462)
	at com.amazonaws.http.AmazonHttpClient.execute(AmazonHttpClient.java:297)
	at com.amazonaws.services.s3.AmazonS3Client.invoke(AmazonS3Client.java:3672)
	at com.amazonaws.services.s3.AmazonS3Client.getObject(AmazonS3Client.java:1160)
	at com.amazonaws.services.s3.AmazonS3Client.getObject(AmazonS3Client.java:1032)
	at com.sludev.commons.vfs2.provider.s3.SS3FileObject.objectExists(SS3FileObject.java:154)
	at com.sludev.commons.vfs2.provider.s3.SS3FileObject.doAttach(SS3FileObject.java:130)
	at org.apache.commons.vfs2.provider.AbstractFileObject.attach(AbstractFileObject.java:1505)
	at org.apache.commons.vfs2.provider.AbstractFileObject.getType(AbstractFileObject.java:489)
	at org.apache.commons.vfs2.provider.AbstractFileObject.exists(AbstractFileObject.java:477)
	at org.apache.commons.vfs2.provider.AbstractFileObject.findFiles(AbstractFileObject.java:1688)
	at org.apache.commons.vfs2.provider.AbstractFileObject.delete(AbstractFileObject.java:888)
	at org.apache.commons.vfs2.provider.AbstractFileObject.delete(AbstractFileObject.java:864)
	at com.sludev.commons.vfs2.provider.s3.SS3TestUtils.deleteFile(SS3TestUtils.java:79)
	at com.sludev.commons.vfs2.provider.s3.SS3FileProviderTest.removeFileSetup02(SS3FileProviderTest.java:439)
	at com.sludev.commons.vfs2.provider.s3.SS3FileProviderTest.tearDown(SS3FileProviderTest.java:101)
	at java.base/jdk.internal.reflect.NativeMethodAccessorImpl.invoke0(Native Method)
	at java.base/jdk.internal.reflect.NativeMethodAccessorImpl.invoke(NativeMethodAccessorImpl.java:62)
	at java.base/jdk.internal.reflect.DelegatingMethodAccessorImpl.invoke(DelegatingMethodAccessorImpl.java:43)
	at java.base/java.lang.reflect.Method.invoke(Method.java:566)
	at org.junit.runners.model.FrameworkMethod$1.runReflectiveCall(FrameworkMethod.java:50)
	at org.junit.internal.runners.model.ReflectiveCallable.run(ReflectiveCallable.java:12)
	at org.junit.runners.model.FrameworkMethod.invokeExplosively(FrameworkMethod.java:47)
	at org.junit.internal.runners.statements.RunAfters.evaluate(RunAfters.java:33)
	at org.junit.rules.TestWatcher$1.evaluate(TestWatcher.java:55)
	at org.junit.rules.RunRules.evaluate(RunRules.java:20)
	at org.junit.runners.ParentRunner.runLeaf(ParentRunner.java:325)
	at org.junit.runners.BlockJUnit4ClassRunner.runChild(BlockJUnit4ClassRunner.java:78)
	at org.junit.runners.BlockJUnit4ClassRunner.runChild(BlockJUnit4ClassRunner.java:57)
	at org.junit.runners.ParentRunner$3.run(ParentRunner.java:290)
	at org.junit.runners.ParentRunner$1.schedule(ParentRunner.java:71)
	at org.junit.runners.ParentRunner.runChildren(ParentRunner.java:288)
	at org.junit.runners.ParentRunner.access$000(ParentRunner.java:58)
	at org.junit.runners.ParentRunner$2.evaluate(ParentRunner.java:268)
	at org.junit.internal.runners.statements.RunBefores.evaluate(RunBefores.java:26)
	at org.junit.internal.runners.statements.RunAfters.evaluate(RunAfters.java:27)
	at org.junit.runners.ParentRunner.run(ParentRunner.java:363)
	at org.apache.maven.surefire.junit4.JUnit4Provider.execute(JUnit4Provider.java:252)
	at org.apache.maven.surefire.junit4.JUnit4Provider.executeTestSet(JUnit4Provider.java:141)
	at org.apache.maven.surefire.junit4.JUnit4Provider.invoke(JUnit4Provider.java:112)
	at java.base/jdk.internal.reflect.NativeMethodAccessorImpl.invoke0(Native Method)
	at java.base/jdk.internal.reflect.NativeMethodAccessorImpl.invoke(NativeMethodAccessorImpl.java:62)
	at java.base/jdk.internal.reflect.DelegatingMethodAccessorImpl.invoke(DelegatingMethodAccessorImpl.java:43)
	at java.base/java.lang.reflect.Method.invoke(Method.java:566)
	at org.apache.maven.surefire.util.ReflectionUtils.invokeMethodWithArray(ReflectionUtils.java:189)
	at org.apache.maven.surefire.booter.ProviderFactory$ProviderProxy.invoke(ProviderFactory.java:165)
	at org.apache.maven.surefire.booter.ProviderFactory.invokeProvider(ProviderFactory.java:85)
	at org.apache.maven.surefire.booter.ForkedBooter.runSuitesInProcess(ForkedBooter.java:115)
	at org.apache.maven.surefire.booter.ForkedBooter.main(ForkedBooter.java:75)

A007_listChildren(com.sludev.commons.vfs2.provider.s3.SS3FileProviderTest)  Time elapsed: 0.006 sec  <<< ERROR!
java.lang.NoClassDefFoundError: javax/xml/bind/DatatypeConverter
	at com.amazonaws.util.Base64.encodeAsString(Base64.java:36)
	at com.amazonaws.auth.AbstractAWSSigner.signAndBase64Encode(AbstractAWSSigner.java:68)
	at com.amazonaws.auth.AbstractAWSSigner.signAndBase64Encode(AbstractAWSSigner.java:57)
	at com.amazonaws.services.s3.internal.S3Signer.sign(S3Signer.java:173)
	at com.amazonaws.http.AmazonHttpClient.executeOneRequest(AmazonHttpClient.java:682)
	at com.amazonaws.http.AmazonHttpClient.executeHelper(AmazonHttpClient.java:462)
	at com.amazonaws.http.AmazonHttpClient.execute(AmazonHttpClient.java:297)
	at com.amazonaws.services.s3.AmazonS3Client.invoke(AmazonS3Client.java:3672)
	at com.amazonaws.services.s3.AmazonS3Client.getObject(AmazonS3Client.java:1160)
	at com.amazonaws.services.s3.AmazonS3Client.getObject(AmazonS3Client.java:1032)
	at com.sludev.commons.vfs2.provider.s3.SS3FileObject.objectExists(SS3FileObject.java:154)
	at com.sludev.commons.vfs2.provider.s3.SS3FileObject.doAttach(SS3FileObject.java:130)
	at org.apache.commons.vfs2.provider.AbstractFileObject.attach(AbstractFileObject.java:1505)
	at org.apache.commons.vfs2.provider.AbstractFileObject.getType(AbstractFileObject.java:489)
	at org.apache.commons.vfs2.provider.AbstractFileObject.exists(AbstractFileObject.java:477)
	at org.apache.commons.vfs2.provider.AbstractFileObject.copyFrom(AbstractFileObject.java:1040)
	at com.sludev.commons.vfs2.provider.s3.SS3TestUtils.uploadFile(SS3TestUtils.java:58)
	at com.sludev.commons.vfs2.provider.s3.SS3FileProviderTest.uploadFileSetup02(SS3FileProviderTest.java:401)
	at com.sludev.commons.vfs2.provider.s3.SS3FileProviderTest.setUp(SS3FileProviderTest.java:80)
	at java.base/jdk.internal.reflect.NativeMethodAccessorImpl.invoke0(Native Method)
	at java.base/jdk.internal.reflect.NativeMethodAccessorImpl.invoke(NativeMethodAccessorImpl.java:62)
	at java.base/jdk.internal.reflect.DelegatingMethodAccessorImpl.invoke(DelegatingMethodAccessorImpl.java:43)
	at java.base/java.lang.reflect.Method.invoke(Method.java:566)
	at org.junit.runners.model.FrameworkMethod$1.runReflectiveCall(FrameworkMethod.java:50)
	at org.junit.internal.runners.model.ReflectiveCallable.run(ReflectiveCallable.java:12)
	at org.junit.runners.model.FrameworkMethod.invokeExplosively(FrameworkMethod.java:47)
	at org.junit.internal.runners.statements.RunBefores.evaluate(RunBefores.java:24)
	at org.junit.internal.runners.statements.RunAfters.evaluate(RunAfters.java:27)
	at org.junit.rules.TestWatcher$1.evaluate(TestWatcher.java:55)
	at org.junit.rules.RunRules.evaluate(RunRules.java:20)
	at org.junit.runners.ParentRunner.runLeaf(ParentRunner.java:325)
	at org.junit.runners.BlockJUnit4ClassRunner.runChild(BlockJUnit4ClassRunner.java:78)
	at org.junit.runners.BlockJUnit4ClassRunner.runChild(BlockJUnit4ClassRunner.java:57)
	at org.junit.runners.ParentRunner$3.run(ParentRunner.java:290)
	at org.junit.runners.ParentRunner$1.schedule(ParentRunner.java:71)
	at org.junit.runners.ParentRunner.runChildren(ParentRunner.java:288)
	at org.junit.runners.ParentRunner.access$000(ParentRunner.java:58)
	at org.junit.runners.ParentRunner$2.evaluate(ParentRunner.java:268)
	at org.junit.internal.runners.statements.RunBefores.evaluate(RunBefores.java:26)
	at org.junit.internal.runners.statements.RunAfters.evaluate(RunAfters.java:27)
	at org.junit.runners.ParentRunner.run(ParentRunner.java:363)
	at org.apache.maven.surefire.junit4.JUnit4Provider.execute(JUnit4Provider.java:252)
	at org.apache.maven.surefire.junit4.JUnit4Provider.executeTestSet(JUnit4Provider.java:141)
	at org.apache.maven.surefire.junit4.JUnit4Provider.invoke(JUnit4Provider.java:112)
	at java.base/jdk.internal.reflect.NativeMethodAccessorImpl.invoke0(Native Method)
	at java.base/jdk.internal.reflect.NativeMethodAccessorImpl.invoke(NativeMethodAccessorImpl.java:62)
	at java.base/jdk.internal.reflect.DelegatingMethodAccessorImpl.invoke(DelegatingMethodAccessorImpl.java:43)
	at java.base/java.lang.reflect.Method.invoke(Method.java:566)
	at org.apache.maven.surefire.util.ReflectionUtils.invokeMethodWithArray(ReflectionUtils.java:189)
	at org.apache.maven.surefire.booter.ProviderFactory$ProviderProxy.invoke(ProviderFactory.java:165)
	at org.apache.maven.surefire.booter.ProviderFactory.invokeProvider(ProviderFactory.java:85)
	at org.apache.maven.surefire.booter.ForkedBooter.runSuitesInProcess(ForkedBooter.java:115)
	at org.apache.maven.surefire.booter.ForkedBooter.main(ForkedBooter.java:75)

A007_listChildren(com.sludev.commons.vfs2.provider.s3.SS3FileProviderTest)  Time elapsed: 0.006 sec  <<< ERROR!
java.lang.NoClassDefFoundError: javax/xml/bind/DatatypeConverter
	at com.amazonaws.util.Base64.encodeAsString(Base64.java:36)
	at com.amazonaws.auth.AbstractAWSSigner.signAndBase64Encode(AbstractAWSSigner.java:68)
	at com.amazonaws.auth.AbstractAWSSigner.signAndBase64Encode(AbstractAWSSigner.java:57)
	at com.amazonaws.services.s3.internal.S3Signer.sign(S3Signer.java:173)
	at com.amazonaws.http.AmazonHttpClient.executeOneRequest(AmazonHttpClient.java:682)
	at com.amazonaws.http.AmazonHttpClient.executeHelper(AmazonHttpClient.java:462)
	at com.amazonaws.http.AmazonHttpClient.execute(AmazonHttpClient.java:297)
	at com.amazonaws.services.s3.AmazonS3Client.invoke(AmazonS3Client.java:3672)
	at com.amazonaws.services.s3.AmazonS3Client.getObject(AmazonS3Client.java:1160)
	at com.amazonaws.services.s3.AmazonS3Client.getObject(AmazonS3Client.java:1032)
	at com.sludev.commons.vfs2.provider.s3.SS3FileObject.objectExists(SS3FileObject.java:154)
	at com.sludev.commons.vfs2.provider.s3.SS3FileObject.doAttach(SS3FileObject.java:130)
	at org.apache.commons.vfs2.provider.AbstractFileObject.attach(AbstractFileObject.java:1505)
	at org.apache.commons.vfs2.provider.AbstractFileObject.getType(AbstractFileObject.java:489)
	at org.apache.commons.vfs2.provider.AbstractFileObject.exists(AbstractFileObject.java:477)
	at org.apache.commons.vfs2.provider.AbstractFileObject.findFiles(AbstractFileObject.java:1688)
	at org.apache.commons.vfs2.provider.AbstractFileObject.delete(AbstractFileObject.java:888)
	at org.apache.commons.vfs2.provider.AbstractFileObject.delete(AbstractFileObject.java:864)
	at com.sludev.commons.vfs2.provider.s3.SS3TestUtils.deleteFile(SS3TestUtils.java:79)
	at com.sludev.commons.vfs2.provider.s3.SS3FileProviderTest.removeFileSetup02(SS3FileProviderTest.java:439)
	at com.sludev.commons.vfs2.provider.s3.SS3FileProviderTest.tearDown(SS3FileProviderTest.java:101)
	at java.base/jdk.internal.reflect.NativeMethodAccessorImpl.invoke0(Native Method)
	at java.base/jdk.internal.reflect.NativeMethodAccessorImpl.invoke(NativeMethodAccessorImpl.java:62)
	at java.base/jdk.internal.reflect.DelegatingMethodAccessorImpl.invoke(DelegatingMethodAccessorImpl.java:43)
	at java.base/java.lang.reflect.Method.invoke(Method.java:566)
	at org.junit.runners.model.FrameworkMethod$1.runReflectiveCall(FrameworkMethod.java:50)
	at org.junit.internal.runners.model.ReflectiveCallable.run(ReflectiveCallable.java:12)
	at org.junit.runners.model.FrameworkMethod.invokeExplosively(FrameworkMethod.java:47)
	at org.junit.internal.runners.statements.RunAfters.evaluate(RunAfters.java:33)
	at org.junit.rules.TestWatcher$1.evaluate(TestWatcher.java:55)
	at org.junit.rules.RunRules.evaluate(RunRules.java:20)
	at org.junit.runners.ParentRunner.runLeaf(ParentRunner.java:325)
	at org.junit.runners.BlockJUnit4ClassRunner.runChild(BlockJUnit4ClassRunner.java:78)
	at org.junit.runners.BlockJUnit4ClassRunner.runChild(BlockJUnit4ClassRunner.java:57)
	at org.junit.runners.ParentRunner$3.run(ParentRunner.java:290)
	at org.junit.runners.ParentRunner$1.schedule(ParentRunner.java:71)
	at org.junit.runners.ParentRunner.runChildren(ParentRunner.java:288)
	at org.junit.runners.ParentRunner.access$000(ParentRunner.java:58)
	at org.junit.runners.ParentRunner$2.evaluate(ParentRunner.java:268)
	at org.junit.internal.runners.statements.RunBefores.evaluate(RunBefores.java:26)
	at org.junit.internal.runners.statements.RunAfters.evaluate(RunAfters.java:27)
	at org.junit.runners.ParentRunner.run(ParentRunner.java:363)
	at org.apache.maven.surefire.junit4.JUnit4Provider.execute(JUnit4Provider.java:252)
	at org.apache.maven.surefire.junit4.JUnit4Provider.executeTestSet(JUnit4Provider.java:141)
	at org.apache.maven.surefire.junit4.JUnit4Provider.invoke(JUnit4Provider.java:112)
	at java.base/jdk.internal.reflect.NativeMethodAccessorImpl.invoke0(Native Method)
	at java.base/jdk.internal.reflect.NativeMethodAccessorImpl.invoke(NativeMethodAccessorImpl.java:62)
	at java.base/jdk.internal.reflect.DelegatingMethodAccessorImpl.invoke(DelegatingMethodAccessorImpl.java:43)
	at java.base/java.lang.reflect.Method.invoke(Method.java:566)
	at org.apache.maven.surefire.util.ReflectionUtils.invokeMethodWithArray(ReflectionUtils.java:189)
	at org.apache.maven.surefire.booter.ProviderFactory$ProviderProxy.invoke(ProviderFactory.java:165)
	at org.apache.maven.surefire.booter.ProviderFactory.invokeProvider(ProviderFactory.java:85)
	at org.apache.maven.surefire.booter.ForkedBooter.runSuitesInProcess(ForkedBooter.java:115)
	at org.apache.maven.surefire.booter.ForkedBooter.main(ForkedBooter.java:75)

